
**** Clean-only build of configuration Debug for project contest ****

make clean 

Cannot run program "make": Launching failed
Error: Program "make" is not found in PATH

PATH=[C:\Program Files (x86)\NVIDIA Corporation\PhysX\Common;C:\Windows\system32;C:\Windows;C:\Windows\System32\Wbem;C:\Windows\System32\WindowsPowerShell\v1.0\;C:\Program Files (x86)\Intel\OpenCL SDK\2.0\bin\x86;C:\Program Files (x86)\Intel\OpenCL SDK\2.0\bin\x64;C:\Program Files\TortoiseHg\]

**** Build Finished ****

**** Build of configuration Debug for project eclipse Windous ****

**** Internal Builder is used for build               ****
g++ -O0 -g3 -Wall -c -fmessage-length=0 -o Pachinko.o ..\Pachinko.cpp
..\Pachinko.cpp: In function 'int main()':
..\Pachinko.cpp:93:23: warning: unknown conversion type character 'L' in format [-Wformat]
..\Pachinko.cpp:93:23: warning: too many arguments for format [-Wformat-extra-args]
g++ -o eclipse Windous.exe Pachinko.o
Build complete for project eclipse Windous
Time consumed: 2631  ms.  

**** Build of configuration Debug for project eclipse Windous ****

**** Internal Builder is used for build               ****
Nothing to build for eclipse Windous

**** Build of configuration Debug for project contest ****

make all 
Building file: ../System Administrator.cpp
Invoking: GCC C++ Compiler
g++ -O0 -g3 -Wall -c -fmessage-length=0 -MMD -MP -MF"System Administrator.d" -MT"System\ Administrator.d" -o "System Administrator.o" "../System Administrator.cpp"
Finished building: ../System Administrator.cpp
 
Building target: contest
Invoking: GCC C++ Linker
g++  -o "contest"  ./System\ Administrator.o   
Finished building target: contest
 

**** Build Finished ****

**** Clean-only build of configuration Debug for project contest ****

make clean 
make: *** No rule to make target `clean'.  Stop.

**** Build Finished ****

**** Build of configuration Debug for project contest ****

make all 
Building file: ../notdone/codeForces/Dima and Text Messages.cpp
Invoking: GCC C++ Compiler
g++ -O0 -g3 -Wall -c -fmessage-length=0 -MMD -MP -MF"notdone/codeForces/Dima and Text Messages.d" -MT"notdone/codeForces/Dima\ and\ Text\ Messages.d" -o "notdone/codeForces/Dima and Text Messages.o" "../notdone/codeForces/Dima and Text Messages.cpp"
../notdone/codeForces/Dima and Text Messages.cpp: In function ‘int main()’:
../notdone/codeForces/Dima and Text Messages.cpp:69:48: warning: comparison between signed and unsigned integer expressions [-Wsign-compare]
../notdone/codeForces/Dima and Text Messages.cpp:83:27: warning: comparison between signed and unsigned integer expressions [-Wsign-compare]
../notdone/codeForces/Dima and Text Messages.cpp:83:44: warning: comparison between signed and unsigned integer expressions [-Wsign-compare]
../notdone/codeForces/Dima and Text Messages.cpp:90:21: warning: comparison between signed and unsigned integer expressions [-Wsign-compare]
Finished building: ../notdone/codeForces/Dima and Text Messages.cpp
 
Building file: ../System Administrator.cpp
Invoking: GCC C++ Compiler
g++ -O0 -g3 -Wall -c -fmessage-length=0 -MMD -MP -MF"System Administrator.d" -MT"System\ Administrator.d" -o "System Administrator.o" "../System Administrator.cpp"
Finished building: ../System Administrator.cpp
 
Building target: contest
Invoking: GCC C++ Linker
g++  -o "contest"  ./notdone/codeForces/Dima\ and\ Text\ Messages.o  ./System\ Administrator.o   
./System Administrator.o: In function `main':
/home/sngv/Dropbox/workspace/contest/Debug/../System Administrator.cpp:55: multiple definition of `main'
./notdone/codeForces/Dima and Text Messages.o:/home/sngv/Dropbox/workspace/contest/Debug/../notdone/codeForces/Dima and Text Messages.cpp:53: first defined here
collect2: ld returned 1 exit status
make: *** [contest] Error 1

**** Build Finished ****

**** Clean-only build of configuration Debug for project contest ****

make clean 
make: *** No rule to make target `clean'.  Stop.

**** Build Finished ****

**** Build of configuration Debug for project contest ****

make all 
Building file: ../Pachinko.cpp
Invoking: GCC C++ Compiler
g++ -O0 -g3 -Wall -c -fmessage-length=0 -MMD -MP -MF"Pachinko.d" -MT"Pachinko.d" -o "Pachinko.o" "../Pachinko.cpp"
Finished building: ../Pachinko.cpp
 
Building file: ../System Administrator.cpp
Invoking: GCC C++ Compiler
g++ -O0 -g3 -Wall -c -fmessage-length=0 -MMD -MP -MF"System Administrator.d" -MT"System\ Administrator.d" -o "System Administrator.o" "../System Administrator.cpp"
../System Administrator.cpp: In function ‘int main()’:
../System Administrator.cpp:67:35: warning: format ‘%d’ expects argument of type ‘int*’, but argument 2 has type ‘int’ [-Wformat]
../System Administrator.cpp:67:35: warning: format ‘%d’ expects argument of type ‘int*’, but argument 3 has type ‘int’ [-Wformat]
../System Administrator.cpp:67:35: warning: format ‘%d’ expects argument of type ‘int*’, but argument 4 has type ‘int’ [-Wformat]
../System Administrator.cpp:68:16: error: no match for ‘operator+=’ in ‘num.std::map<_Key, _Tp, _Compare, _Alloc>::operator[] [with _Key = int, _Tp = std::pair<int, int>, _Compare = std::less<int>, _Alloc = std::allocator<std::pair<const int, std::pair<int, int> > >, std::map<_Key, _Tp, _Compare, _Alloc>::mapped_type = std::pair<int, int>, std::map<_Key, _Tp, _Compare, _Alloc>::key_type = int]((*(const key_type*)(& tmp1))) += tmp2’
../System Administrator.cpp:69:16: error: no match for ‘operator+=’ in ‘num.std::map<_Key, _Tp, _Compare, _Alloc>::operator[] [with _Key = int, _Tp = std::pair<int, int>, _Compare = std::less<int>, _Alloc = std::allocator<std::pair<const int, std::pair<int, int> > >, std::map<_Key, _Tp, _Compare, _Alloc>::mapped_type = std::pair<int, int>, std::map<_Key, _Tp, _Compare, _Alloc>::key_type = int]((*(const key_type*)(& tmp1))) += tmp3’
make: *** [System Administrator.o] Error 1

**** Build Finished ****

**** Build of configuration Debug for project contest ****

make all 
Building file: ../System Administrator.cpp
Invoking: GCC C++ Compiler
g++ -O0 -g3 -Wall -c -fmessage-length=0 -MMD -MP -MF"System Administrator.d" -MT"System\ Administrator.d" -o "System Administrator.o" "../System Administrator.cpp"
../System Administrator.cpp: In function ‘int main()’:
../System Administrator.cpp:67:35: warning: format ‘%d’ expects argument of type ‘int*’, but argument 2 has type ‘int’ [-Wformat]
../System Administrator.cpp:67:35: warning: format ‘%d’ expects argument of type ‘int*’, but argument 3 has type ‘int’ [-Wformat]
../System Administrator.cpp:67:35: warning: format ‘%d’ expects argument of type ‘int*’, but argument 4 has type ‘int’ [-Wformat]
../System Administrator.cpp:68:16: error: no match for ‘operator+=’ in ‘num.std::map<_Key, _Tp, _Compare, _Alloc>::operator[] [with _Key = int, _Tp = std::pair<int, int>, _Compare = std::less<int>, _Alloc = std::allocator<std::pair<const int, std::pair<int, int> > >, std::map<_Key, _Tp, _Compare, _Alloc>::mapped_type = std::pair<int, int>, std::map<_Key, _Tp, _Compare, _Alloc>::key_type = int]((*(const key_type*)(& tmp1))) += tmp2’
../System Administrator.cpp:69:16: error: no match for ‘operator+=’ in ‘num.std::map<_Key, _Tp, _Compare, _Alloc>::operator[] [with _Key = int, _Tp = std::pair<int, int>, _Compare = std::less<int>, _Alloc = std::allocator<std::pair<const int, std::pair<int, int> > >, std::map<_Key, _Tp, _Compare, _Alloc>::mapped_type = std::pair<int, int>, std::map<_Key, _Tp, _Compare, _Alloc>::key_type = int]((*(const key_type*)(& tmp1))) += tmp3’
make: *** [System Administrator.o] Error 1

**** Build Finished ****

**** Build of configuration Debug for project contest ****

make all 
Building file: ../System Administrator.cpp
Invoking: GCC C++ Compiler
g++ -O0 -g3 -Wall -c -fmessage-length=0 -MMD -MP -MF"System Administrator.d" -MT"System\ Administrator.d" -o "System Administrator.o" "../System Administrator.cpp"
../System Administrator.cpp: In function ‘int main()’:
../System Administrator.cpp:67:35: warning: format ‘%d’ expects argument of type ‘int*’, but argument 2 has type ‘int’ [-Wformat]
../System Administrator.cpp:67:35: warning: format ‘%d’ expects argument of type ‘int*’, but argument 3 has type ‘int’ [-Wformat]
../System Administrator.cpp:67:35: warning: format ‘%d’ expects argument of type ‘int*’, but argument 4 has type ‘int’ [-Wformat]
../System Administrator.cpp:68:16: error: no match for ‘operator+=’ in ‘num.std::map<_Key, _Tp, _Compare, _Alloc>::operator[] [with _Key = int, _Tp = std::pair<int, int>, _Compare = std::less<int>, _Alloc = std::allocator<std::pair<const int, std::pair<int, int> > >, std::map<_Key, _Tp, _Compare, _Alloc>::mapped_type = std::pair<int, int>, std::map<_Key, _Tp, _Compare, _Alloc>::key_type = int]((*(const key_type*)(& tmp1))) += tmp2’
make: *** [System Administrator.o] Error 1

**** Build Finished ****

**** Build of configuration Debug for project c++ ****

make all 
Building file: ../c++.cpp
Invoking: GCC C++ Compiler
g++ -O0 -g3 -Wall -c -fmessage-length=0 -MMD -MP -MF"c++.d" -MT"c++.d" -o "c++.o" "../c++.cpp"
Finished building: ../c++.cpp
 
Building target: c++
Invoking: GCC C++ Linker
g++  -o "c++"  ./c++.o   
Finished building target: c++
 

**** Build Finished ****

**** Build of configuration Debug for project contest ****

make all 
Building file: ../System Administrator.cpp
Invoking: GCC C++ Compiler
g++ -O0 -g3 -Wall -c -fmessage-length=0 -MMD -MP -MF"System Administrator.d" -MT"System\ Administrator.d" -o "System Administrator.o" "../System Administrator.cpp"
../System Administrator.cpp: In function ‘int main()’:
../System Administrator.cpp:67:35: warning: format ‘%d’ expects argument of type ‘int*’, but argument 2 has type ‘int’ [-Wformat]
../System Administrator.cpp:67:35: warning: format ‘%d’ expects argument of type ‘int*’, but argument 3 has type ‘int’ [-Wformat]
../System Administrator.cpp:67:35: warning: format ‘%d’ expects argument of type ‘int*’, but argument 4 has type ‘int’ [-Wformat]
../System Administrator.cpp:67:36: warning: ‘tmp1’ may be used uninitialized in this function [-Wuninitialized]
../System Administrator.cpp:67:36: warning: ‘tmp2’ may be used uninitialized in this function [-Wuninitialized]
../System Administrator.cpp:67:36: warning: ‘tmp3’ may be used uninitialized in this function [-Wuninitialized]
Finished building: ../System Administrator.cpp
 
Building target: contest
Invoking: GCC C++ Linker
g++  -o "contest"  ./System\ Administrator.o   
Finished building target: contest
 

**** Build Finished ****

**** Build of configuration Debug for project c++ ****

make all 
make: Nothing to be done for `all'.

**** Build Finished ****

**** Build of configuration Debug for project contest ****

make all 
make: Nothing to be done for `all'.

**** Build Finished ****

**** Build of configuration Debug for project contest ****

make all 
Building file: ../System Administrator.cpp
Invoking: GCC C++ Compiler
g++ -O0 -g3 -Wall -c -fmessage-length=0 -MMD -MP -MF"System Administrator.d" -MT"System\ Administrator.d" -o "System Administrator.o" "../System Administrator.cpp"
../System Administrator.cpp: In function ‘int main()’:
../System Administrator.cpp:67:35: warning: format ‘%d’ expects argument of type ‘int*’, but argument 2 has type ‘int’ [-Wformat]
../System Administrator.cpp:67:35: warning: format ‘%d’ expects argument of type ‘int*’, but argument 3 has type ‘int’ [-Wformat]
../System Administrator.cpp:67:35: warning: format ‘%d’ expects argument of type ‘int*’, but argument 4 has type ‘int’ [-Wformat]
../System Administrator.cpp:67:36: warning: ‘tmp3’ may be used uninitialized in this function [-Wuninitialized]
Finished building: ../System Administrator.cpp
 
Building target: contest
Invoking: GCC C++ Linker
g++  -o "contest"  ./System\ Administrator.o   
Finished building target: contest
 

**** Build Finished ****

**** Build of configuration Debug for project contest ****

make all 
Building file: ../System Administrator.cpp
Invoking: GCC C++ Compiler
g++ -O0 -g3 -Wall -c -fmessage-length=0 -MMD -MP -MF"System Administrator.d" -MT"System\ Administrator.d" -o "System Administrator.o" "../System Administrator.cpp"
../System Administrator.cpp: In function ‘int main()’:
../System Administrator.cpp:67:35: warning: format ‘%d’ expects argument of type ‘int*’, but argument 2 has type ‘int’ [-Wformat]
../System Administrator.cpp:67:35: warning: format ‘%d’ expects argument of type ‘int*’, but argument 3 has type ‘int’ [-Wformat]
../System Administrator.cpp:67:35: warning: format ‘%d’ expects argument of type ‘int*’, but argument 4 has type ‘int’ [-Wformat]
../System Administrator.cpp:67:36: warning: ‘tmp3’ may be used uninitialized in this function [-Wuninitialized]
Finished building: ../System Administrator.cpp
 
Building target: contest
Invoking: GCC C++ Linker
g++  -o "contest"  ./System\ Administrator.o   
Finished building target: contest
 

**** Build Finished ****

**** Build of configuration Debug for project contest ****

make all 
Building file: ../System Administrator.cpp
Invoking: GCC C++ Compiler
g++ -O0 -g3 -Wall -c -fmessage-length=0 -MMD -MP -MF"System Administrator.d" -MT"System\ Administrator.d" -o "System Administrator.o" "../System Administrator.cpp"
../System Administrator.cpp: In function ‘int main()’:
../System Administrator.cpp:68:35: warning: format ‘%d’ expects argument of type ‘int*’, but argument 2 has type ‘int’ [-Wformat]
../System Administrator.cpp:68:35: warning: format ‘%d’ expects argument of type ‘int*’, but argument 3 has type ‘int’ [-Wformat]
../System Administrator.cpp:68:35: warning: format ‘%d’ expects argument of type ‘int*’, but argument 4 has type ‘int’ [-Wformat]
../System Administrator.cpp:68:36: warning: ‘tmp3’ may be used uninitialized in this function [-Wuninitialized]
Finished building: ../System Administrator.cpp
 
Building target: contest
Invoking: GCC C++ Linker
g++  -o "contest"  ./System\ Administrator.o   
Finished building target: contest
 

**** Build Finished ****

**** Build of configuration Debug for project contest ****

make all 
Building file: ../System Administrator.cpp
Invoking: GCC C++ Compiler
g++ -O0 -g3 -Wall -c -fmessage-length=0 -MMD -MP -MF"System Administrator.d" -MT"System\ Administrator.d" -o "System Administrator.o" "../System Administrator.cpp"
../System Administrator.cpp: In function ‘int main()’:
../System Administrator.cpp:69:35: warning: format ‘%d’ expects argument of type ‘int*’, but argument 2 has type ‘int’ [-Wformat]
../System Administrator.cpp:69:35: warning: format ‘%d’ expects argument of type ‘int*’, but argument 3 has type ‘int’ [-Wformat]
../System Administrator.cpp:69:35: warning: format ‘%d’ expects argument of type ‘int*’, but argument 4 has type ‘int’ [-Wformat]
../System Administrator.cpp:69:36: warning: ‘tmp3’ may be used uninitialized in this function [-Wuninitialized]
Finished building: ../System Administrator.cpp
 
Building target: contest
Invoking: GCC C++ Linker
g++  -o "contest"  ./System\ Administrator.o   
Finished building target: contest
 

**** Build Finished ****

**** Build of configuration Debug for project contest ****

make all 
Building file: ../System Administrator.cpp
Invoking: GCC C++ Compiler
g++ -O0 -g3 -Wall -c -fmessage-length=0 -MMD -MP -MF"System Administrator.d" -MT"System\ Administrator.d" -o "System Administrator.o" "../System Administrator.cpp"
../System Administrator.cpp: In function ‘int main()’:
../System Administrator.cpp:69:35: warning: format ‘%d’ expects argument of type ‘int*’, but argument 2 has type ‘int’ [-Wformat]
../System Administrator.cpp:69:35: warning: format ‘%d’ expects argument of type ‘int*’, but argument 3 has type ‘int’ [-Wformat]
../System Administrator.cpp:69:35: warning: format ‘%d’ expects argument of type ‘int*’, but argument 4 has type ‘int’ [-Wformat]
../System Administrator.cpp:69:36: warning: ‘tmp3’ may be used uninitialized in this function [-Wuninitialized]
Finished building: ../System Administrator.cpp
 
Building target: contest
Invoking: GCC C++ Linker
g++  -o "contest"  ./System\ Administrator.o   
Finished building target: contest
 

**** Build Finished ****

**** Build of configuration Debug for project contest ****

make all 
Building file: ../System Administrator.cpp
Invoking: GCC C++ Compiler
g++ -O0 -g3 -Wall -c -fmessage-length=0 -MMD -MP -MF"System Administrator.d" -MT"System\ Administrator.d" -o "System Administrator.o" "../System Administrator.cpp"
../System Administrator.cpp: In function ‘int main()’:
../System Administrator.cpp:69:35: warning: format ‘%d’ expects argument of type ‘int*’, but argument 2 has type ‘int’ [-Wformat]
../System Administrator.cpp:69:35: warning: format ‘%d’ expects argument of type ‘int*’, but argument 3 has type ‘int’ [-Wformat]
../System Administrator.cpp:69:35: warning: format ‘%d’ expects argument of type ‘int*’, but argument 4 has type ‘int’ [-Wformat]
../System Administrator.cpp:69:36: warning: ‘tmp3’ may be used uninitialized in this function [-Wuninitialized]
Finished building: ../System Administrator.cpp
 
Building target: contest
Invoking: GCC C++ Linker
g++  -o "contest"  ./System\ Administrator.o   
Finished building target: contest
 

**** Build Finished ****

**** Build of configuration Debug for project contest ****

make all 
Building file: ../System Administrator.cpp
Invoking: GCC C++ Compiler
g++ -O0 -g3 -Wall -c -fmessage-length=0 -MMD -MP -MF"System Administrator.d" -MT"System\ Administrator.d" -o "System Administrator.o" "../System Administrator.cpp"
Finished building: ../System Administrator.cpp
 
Building target: contest
Invoking: GCC C++ Linker
g++  -o "contest"  ./System\ Administrator.o   
Finished building target: contest
 

**** Build Finished ****

**** Build of configuration Debug for project contest ****

make all 
Building file: ../System Administrator.cpp
Invoking: GCC C++ Compiler
g++ -O0 -g3 -Wall -c -fmessage-length=0 -MMD -MP -MF"System Administrator.d" -MT"System\ Administrator.d" -o "System Administrator.o" "../System Administrator.cpp"
Finished building: ../System Administrator.cpp
 
Building target: contest
Invoking: GCC C++ Linker
g++  -o "contest"  ./System\ Administrator.o   
Finished building target: contest
 

**** Build Finished ****

**** Build of configuration Debug for project contest ****

make all 
make: Nothing to be done for `all'.

**** Build Finished ****

**** Build of configuration Debug for project contest ****

make all 
make: Nothing to be done for `all'.

**** Build Finished ****

**** Build of configuration Debug for project contest ****

make all 
Building file: ../System Administrator.cpp
Invoking: GCC C++ Compiler
g++ -O0 -g3 -Wall -c -fmessage-length=0 -MMD -MP -MF"System Administrator.d" -MT"System\ Administrator.d" -o "System Administrator.o" "../System Administrator.cpp"
Finished building: ../System Administrator.cpp
 
Building target: contest
Invoking: GCC C++ Linker
g++  -o "contest"  ./System\ Administrator.o   
Finished building target: contest
 

**** Build Finished ****

**** Build of configuration Debug for project contest ****

make all 
Building file: ../System Administrator.cpp
Invoking: GCC C++ Compiler
g++ -O0 -g3 -Wall -c -fmessage-length=0 -MMD -MP -MF"System Administrator.d" -MT"System\ Administrator.d" -o "System Administrator.o" "../System Administrator.cpp"
Finished building: ../System Administrator.cpp
 
Building target: contest
Invoking: GCC C++ Linker
g++  -o "contest"  ./System\ Administrator.o   
Finished building target: contest
 

**** Build Finished ****
