!SESSION 2013-11-23 16:23:52.083 -----------------------------------------------
eclipse.buildId=I20110613-1736
java.version=1.6.0_27
java.vendor=Sun Microsystems Inc.
BootLoader constants: OS=linux, ARCH=x86_64, WS=gtk, NL=en_US
Command-line arguments:  -os linux -ws gtk -arch x86_64

This is a continuation of log file /home/sngv/Dropbox/workspace/.metadata/.bak_0.log
Created Time: 2013-11-23 16:33:23.778

!ENTRY org.eclipse.core.resources 4 2 2013-11-23 16:33:23.778
!MESSAGE Problems occurred when invoking code from plug-in: "org.eclipse.core.resources".
!STACK 1
org.eclipse.core.internal.resources.ResourceException: Resource '/contest/Debug/sources.mk' does not exist.
	at org.eclipse.core.internal.resources.Resource.checkExists(Resource.java:320)
	at org.eclipse.core.internal.resources.Resource.checkAccessible(Resource.java:194)
	at org.eclipse.core.internal.resources.File.setContents(File.java:357)
	at org.eclipse.core.internal.resources.File.setContents(File.java:464)
	at org.eclipse.cdt.internal.core.model.Util.save(Util.java:154)
	at org.eclipse.cdt.managedbuilder.makegen.gnu.GnuMakefileGenerator.populateSourcesMakefile(GnuMakefileGenerator.java:1129)
	at org.eclipse.cdt.managedbuilder.makegen.gnu.GnuMakefileGenerator.generateMakefiles(GnuMakefileGenerator.java:669)
	at org.eclipse.cdt.managedbuilder.internal.core.CommonBuilder.performMakefileGeneration(CommonBuilder.java:999)
	at org.eclipse.cdt.managedbuilder.internal.core.CommonBuilder.performPrebuildGeneration(CommonBuilder.java:864)
	at org.eclipse.cdt.managedbuilder.internal.core.CommonBuilder.build(CommonBuilder.java:739)
	at org.eclipse.cdt.managedbuilder.internal.core.CommonBuilder.build(CommonBuilder.java:501)
	at org.eclipse.cdt.managedbuilder.internal.core.CommonBuilder.build(CommonBuilder.java:450)
	at org.eclipse.core.internal.events.BuildManager$2.run(BuildManager.java:728)
	at org.eclipse.core.runtime.SafeRunner.run(SafeRunner.java:42)
	at org.eclipse.core.internal.events.BuildManager.basicBuild(BuildManager.java:199)
	at org.eclipse.core.internal.events.BuildManager.basicBuild(BuildManager.java:239)
	at org.eclipse.core.internal.events.BuildManager$1.run(BuildManager.java:292)
	at org.eclipse.core.runtime.SafeRunner.run(SafeRunner.java:42)
	at org.eclipse.core.internal.events.BuildManager.basicBuild(BuildManager.java:295)
	at org.eclipse.core.internal.events.BuildManager.basicBuildLoop(BuildManager.java:351)
	at org.eclipse.core.internal.events.BuildManager.build(BuildManager.java:374)
	at org.eclipse.core.internal.resources.Workspace.buildInternal(Workspace.java:513)
	at org.eclipse.core.internal.resources.Workspace.build(Workspace.java:422)
	at org.eclipse.ui.actions.GlobalBuildAction$1.run(GlobalBuildAction.java:180)
	at org.eclipse.core.internal.jobs.Worker.run(Worker.java:54)
!SUBENTRY 1 org.eclipse.core.resources 4 368 2013-11-23 16:33:23.779
!MESSAGE Resource '/contest/Debug/sources.mk' does not exist.
!SUBENTRY 1 org.eclipse.core.resources 4 368 2013-11-23 16:33:23.779
!MESSAGE Resource '/contest/Debug/sources.mk' does not exist.

!ENTRY org.eclipse.core.resources 4 75 2013-11-23 16:33:24.386
!MESSAGE Errors occurred during the build.
!SUBENTRY 1 org.eclipse.cdt.managedbuilder.core 4 75 2013-11-23 16:33:24.386
!MESSAGE Errors running builder 'CDT Builder' on project 'contest'.
!STACK 1
org.eclipse.core.internal.resources.ResourceException: Resource '/contest/Debug/sources.mk' does not exist.
	at org.eclipse.core.internal.resources.Resource.checkExists(Resource.java:320)
	at org.eclipse.core.internal.resources.Resource.checkAccessible(Resource.java:194)
	at org.eclipse.core.internal.resources.File.setContents(File.java:357)
	at org.eclipse.core.internal.resources.File.setContents(File.java:464)
	at org.eclipse.cdt.internal.core.model.Util.save(Util.java:154)
	at org.eclipse.cdt.managedbuilder.makegen.gnu.GnuMakefileGenerator.populateSourcesMakefile(GnuMakefileGenerator.java:1129)
	at org.eclipse.cdt.managedbuilder.makegen.gnu.GnuMakefileGenerator.generateMakefiles(GnuMakefileGenerator.java:669)
	at org.eclipse.cdt.managedbuilder.internal.core.CommonBuilder.performMakefileGeneration(CommonBuilder.java:999)
	at org.eclipse.cdt.managedbuilder.internal.core.CommonBuilder.performPrebuildGeneration(CommonBuilder.java:864)
	at org.eclipse.cdt.managedbuilder.internal.core.CommonBuilder.build(CommonBuilder.java:739)
	at org.eclipse.cdt.managedbuilder.internal.core.CommonBuilder.build(CommonBuilder.java:501)
	at org.eclipse.cdt.managedbuilder.internal.core.CommonBuilder.build(CommonBuilder.java:450)
	at org.eclipse.core.internal.events.BuildManager$2.run(BuildManager.java:728)
	at org.eclipse.core.runtime.SafeRunner.run(SafeRunner.java:42)
	at org.eclipse.core.internal.events.BuildManager.basicBuild(BuildManager.java:199)
	at org.eclipse.core.internal.events.BuildManager.basicBuild(BuildManager.java:239)
	at org.eclipse.core.internal.events.BuildManager$1.run(BuildManager.java:292)
	at org.eclipse.core.runtime.SafeRunner.run(SafeRunner.java:42)
	at org.eclipse.core.internal.events.BuildManager.basicBuild(BuildManager.java:295)
	at org.eclipse.core.internal.events.BuildManager.basicBuildLoop(BuildManager.java:351)
	at org.eclipse.core.internal.events.BuildManager.build(BuildManager.java:374)
	at org.eclipse.core.internal.resources.Workspace.buildInternal(Workspace.java:513)
	at org.eclipse.core.internal.resources.Workspace.build(Workspace.java:422)
	at org.eclipse.ui.actions.GlobalBuildAction$1.run(GlobalBuildAction.java:180)
	at org.eclipse.core.internal.jobs.Worker.run(Worker.java:54)
!SUBENTRY 2 org.eclipse.core.resources 4 368 2013-11-23 16:33:24.388
!MESSAGE Resource '/contest/Debug/sources.mk' does not exist.
!SUBENTRY 1 org.eclipse.core.resources 4 368 2013-11-23 16:33:24.388
!MESSAGE Resource '/contest/Debug/sources.mk' does not exist.

!ENTRY org.eclipse.core.resources 4 2 2013-11-23 16:33:53.969
!MESSAGE Problems occurred when invoking code from plug-in: "org.eclipse.core.resources".
!STACK 1
org.eclipse.core.internal.resources.ResourceException: Resource '/contest/Debug/makefile' does not exist.
	at org.eclipse.core.internal.resources.Resource.checkExists(Resource.java:320)
	at org.eclipse.core.internal.resources.Resource.checkAccessible(Resource.java:194)
	at org.eclipse.core.internal.resources.File.setContents(File.java:357)
	at org.eclipse.core.internal.resources.File.setContents(File.java:464)
	at org.eclipse.cdt.internal.core.model.Util.save(Util.java:154)
	at org.eclipse.cdt.managedbuilder.makegen.gnu.GnuMakefileGenerator.populateTopMakefile(GnuMakefileGenerator.java:1160)
	at org.eclipse.cdt.managedbuilder.makegen.gnu.GnuMakefileGenerator.generateMakefiles(GnuMakefileGenerator.java:734)
	at org.eclipse.cdt.managedbuilder.internal.core.CommonBuilder.performMakefileGeneration(CommonBuilder.java:999)
	at org.eclipse.cdt.managedbuilder.internal.core.CommonBuilder.performPrebuildGeneration(CommonBuilder.java:864)
	at org.eclipse.cdt.managedbuilder.internal.core.CommonBuilder.build(CommonBuilder.java:739)
	at org.eclipse.cdt.managedbuilder.internal.core.CommonBuilder.build(CommonBuilder.java:501)
	at org.eclipse.cdt.managedbuilder.internal.core.CommonBuilder.build(CommonBuilder.java:450)
	at org.eclipse.core.internal.events.BuildManager$2.run(BuildManager.java:728)
	at org.eclipse.core.runtime.SafeRunner.run(SafeRunner.java:42)
	at org.eclipse.core.internal.events.BuildManager.basicBuild(BuildManager.java:199)
	at org.eclipse.core.internal.events.BuildManager.basicBuild(BuildManager.java:239)
	at org.eclipse.core.internal.events.BuildManager$1.run(BuildManager.java:292)
	at org.eclipse.core.runtime.SafeRunner.run(SafeRunner.java:42)
	at org.eclipse.core.internal.events.BuildManager.basicBuild(BuildManager.java:295)
	at org.eclipse.core.internal.events.BuildManager.basicBuildLoop(BuildManager.java:351)
	at org.eclipse.core.internal.events.BuildManager.build(BuildManager.java:374)
	at org.eclipse.core.internal.resources.Workspace.buildInternal(Workspace.java:513)
	at org.eclipse.core.internal.resources.Workspace.build(Workspace.java:422)
	at org.eclipse.ui.actions.GlobalBuildAction$1.run(GlobalBuildAction.java:180)
	at org.eclipse.core.internal.jobs.Worker.run(Worker.java:54)
!SUBENTRY 1 org.eclipse.core.resources 4 368 2013-11-23 16:33:53.969
!MESSAGE Resource '/contest/Debug/makefile' does not exist.
!SUBENTRY 1 org.eclipse.core.resources 4 368 2013-11-23 16:33:53.969
!MESSAGE Resource '/contest/Debug/makefile' does not exist.

!ENTRY org.eclipse.core.resources 4 75 2013-11-23 16:33:54.574
!MESSAGE Errors occurred during the build.
!SUBENTRY 1 org.eclipse.cdt.managedbuilder.core 4 75 2013-11-23 16:33:54.574
!MESSAGE Errors running builder 'CDT Builder' on project 'contest'.
!STACK 1
org.eclipse.core.internal.resources.ResourceException: Resource '/contest/Debug/makefile' does not exist.
	at org.eclipse.core.internal.resources.Resource.checkExists(Resource.java:320)
	at org.eclipse.core.internal.resources.Resource.checkAccessible(Resource.java:194)
	at org.eclipse.core.internal.resources.File.setContents(File.java:357)
	at org.eclipse.core.internal.resources.File.setContents(File.java:464)
	at org.eclipse.cdt.internal.core.model.Util.save(Util.java:154)
	at org.eclipse.cdt.managedbuilder.makegen.gnu.GnuMakefileGenerator.populateTopMakefile(GnuMakefileGenerator.java:1160)
	at org.eclipse.cdt.managedbuilder.makegen.gnu.GnuMakefileGenerator.generateMakefiles(GnuMakefileGenerator.java:734)
	at org.eclipse.cdt.managedbuilder.internal.core.CommonBuilder.performMakefileGeneration(CommonBuilder.java:999)
	at org.eclipse.cdt.managedbuilder.internal.core.CommonBuilder.performPrebuildGeneration(CommonBuilder.java:864)
	at org.eclipse.cdt.managedbuilder.internal.core.CommonBuilder.build(CommonBuilder.java:739)
	at org.eclipse.cdt.managedbuilder.internal.core.CommonBuilder.build(CommonBuilder.java:501)
	at org.eclipse.cdt.managedbuilder.internal.core.CommonBuilder.build(CommonBuilder.java:450)
	at org.eclipse.core.internal.events.BuildManager$2.run(BuildManager.java:728)
	at org.eclipse.core.runtime.SafeRunner.run(SafeRunner.java:42)
	at org.eclipse.core.internal.events.BuildManager.basicBuild(BuildManager.java:199)
	at org.eclipse.core.internal.events.BuildManager.basicBuild(BuildManager.java:239)
	at org.eclipse.core.internal.events.BuildManager$1.run(BuildManager.java:292)
	at org.eclipse.core.runtime.SafeRunner.run(SafeRunner.java:42)
	at org.eclipse.core.internal.events.BuildManager.basicBuild(BuildManager.java:295)
	at org.eclipse.core.internal.events.BuildManager.basicBuildLoop(BuildManager.java:351)
	at org.eclipse.core.internal.events.BuildManager.build(BuildManager.java:374)
	at org.eclipse.core.internal.resources.Workspace.buildInternal(Workspace.java:513)
	at org.eclipse.core.internal.resources.Workspace.build(Workspace.java:422)
	at org.eclipse.ui.actions.GlobalBuildAction$1.run(GlobalBuildAction.java:180)
	at org.eclipse.core.internal.jobs.Worker.run(Worker.java:54)
!SUBENTRY 2 org.eclipse.core.resources 4 368 2013-11-23 16:33:54.574
!MESSAGE Resource '/contest/Debug/makefile' does not exist.
!SUBENTRY 1 org.eclipse.core.resources 4 368 2013-11-23 16:33:54.574
!MESSAGE Resource '/contest/Debug/makefile' does not exist.

!ENTRY org.eclipse.core.resources 4 2 2013-11-23 16:34:19.364
!MESSAGE Problems occurred when invoking code from plug-in: "org.eclipse.core.resources".
!STACK 1
org.eclipse.core.internal.resources.ResourceException: Resource '/contest/Debug/sources.mk' does not exist.
	at org.eclipse.core.internal.resources.Resource.checkExists(Resource.java:320)
	at org.eclipse.core.internal.resources.Resource.checkAccessible(Resource.java:194)
	at org.eclipse.core.internal.resources.File.setContents(File.java:357)
	at org.eclipse.core.internal.resources.File.setContents(File.java:464)
	at org.eclipse.cdt.internal.core.model.Util.save(Util.java:154)
	at org.eclipse.cdt.managedbuilder.makegen.gnu.GnuMakefileGenerator.populateSourcesMakefile(GnuMakefileGenerator.java:1129)
	at org.eclipse.cdt.managedbuilder.makegen.gnu.GnuMakefileGenerator.generateMakefiles(GnuMakefileGenerator.java:669)
	at org.eclipse.cdt.managedbuilder.internal.core.CommonBuilder.performMakefileGeneration(CommonBuilder.java:999)
	at org.eclipse.cdt.managedbuilder.internal.core.CommonBuilder.performPrebuildGeneration(CommonBuilder.java:864)
	at org.eclipse.cdt.managedbuilder.internal.core.CommonBuilder.build(CommonBuilder.java:739)
	at org.eclipse.cdt.managedbuilder.internal.core.CommonBuilder.build(CommonBuilder.java:501)
	at org.eclipse.cdt.managedbuilder.internal.core.CommonBuilder.build(CommonBuilder.java:450)
	at org.eclipse.core.internal.events.BuildManager$2.run(BuildManager.java:728)
	at org.eclipse.core.runtime.SafeRunner.run(SafeRunner.java:42)
	at org.eclipse.core.internal.events.BuildManager.basicBuild(BuildManager.java:199)
	at org.eclipse.core.internal.events.BuildManager.basicBuild(BuildManager.java:239)
	at org.eclipse.core.internal.events.BuildManager$1.run(BuildManager.java:292)
	at org.eclipse.core.runtime.SafeRunner.run(SafeRunner.java:42)
	at org.eclipse.core.internal.events.BuildManager.basicBuild(BuildManager.java:295)
	at org.eclipse.core.internal.events.BuildManager.basicBuildLoop(BuildManager.java:351)
	at org.eclipse.core.internal.events.BuildManager.build(BuildManager.java:374)
	at org.eclipse.core.internal.resources.Workspace.buildInternal(Workspace.java:513)
	at org.eclipse.core.internal.resources.Workspace.build(Workspace.java:422)
	at org.eclipse.ui.actions.GlobalBuildAction$1.run(GlobalBuildAction.java:180)
	at org.eclipse.core.internal.jobs.Worker.run(Worker.java:54)
!SUBENTRY 1 org.eclipse.core.resources 4 368 2013-11-23 16:34:19.364
!MESSAGE Resource '/contest/Debug/sources.mk' does not exist.
!SUBENTRY 1 org.eclipse.core.resources 4 368 2013-11-23 16:34:19.364
!MESSAGE Resource '/contest/Debug/sources.mk' does not exist.

!ENTRY org.eclipse.core.resources 4 75 2013-11-23 16:34:19.951
!MESSAGE Errors occurred during the build.
!SUBENTRY 1 org.eclipse.cdt.managedbuilder.core 4 75 2013-11-23 16:34:19.951
!MESSAGE Errors running builder 'CDT Builder' on project 'contest'.
!STACK 1
org.eclipse.core.internal.resources.ResourceException: Resource '/contest/Debug/sources.mk' does not exist.
	at org.eclipse.core.internal.resources.Resource.checkExists(Resource.java:320)
	at org.eclipse.core.internal.resources.Resource.checkAccessible(Resource.java:194)
	at org.eclipse.core.internal.resources.File.setContents(File.java:357)
	at org.eclipse.core.internal.resources.File.setContents(File.java:464)
	at org.eclipse.cdt.internal.core.model.Util.save(Util.java:154)
	at org.eclipse.cdt.managedbuilder.makegen.gnu.GnuMakefileGenerator.populateSourcesMakefile(GnuMakefileGenerator.java:1129)
	at org.eclipse.cdt.managedbuilder.makegen.gnu.GnuMakefileGenerator.generateMakefiles(GnuMakefileGenerator.java:669)
	at org.eclipse.cdt.managedbuilder.internal.core.CommonBuilder.performMakefileGeneration(CommonBuilder.java:999)
	at org.eclipse.cdt.managedbuilder.internal.core.CommonBuilder.performPrebuildGeneration(CommonBuilder.java:864)
	at org.eclipse.cdt.managedbuilder.internal.core.CommonBuilder.build(CommonBuilder.java:739)
	at org.eclipse.cdt.managedbuilder.internal.core.CommonBuilder.build(CommonBuilder.java:501)
	at org.eclipse.cdt.managedbuilder.internal.core.CommonBuilder.build(CommonBuilder.java:450)
	at org.eclipse.core.internal.events.BuildManager$2.run(BuildManager.java:728)
	at org.eclipse.core.runtime.SafeRunner.run(SafeRunner.java:42)
	at org.eclipse.core.internal.events.BuildManager.basicBuild(BuildManager.java:199)
	at org.eclipse.core.internal.events.BuildManager.basicBuild(BuildManager.java:239)
	at org.eclipse.core.internal.events.BuildManager$1.run(BuildManager.java:292)
	at org.eclipse.core.runtime.SafeRunner.run(SafeRunner.java:42)
	at org.eclipse.core.internal.events.BuildManager.basicBuild(BuildManager.java:295)
	at org.eclipse.core.internal.events.BuildManager.basicBuildLoop(BuildManager.java:351)
	at org.eclipse.core.internal.events.BuildManager.build(BuildManager.java:374)
	at org.eclipse.core.internal.resources.Workspace.buildInternal(Workspace.java:513)
	at org.eclipse.core.internal.resources.Workspace.build(Workspace.java:422)
	at org.eclipse.ui.actions.GlobalBuildAction$1.run(GlobalBuildAction.java:180)
	at org.eclipse.core.internal.jobs.Worker.run(Worker.java:54)
!SUBENTRY 2 org.eclipse.core.resources 4 368 2013-11-23 16:34:19.952
!MESSAGE Resource '/contest/Debug/sources.mk' does not exist.
!SUBENTRY 1 org.eclipse.core.resources 4 368 2013-11-23 16:34:19.952
!MESSAGE Resource '/contest/Debug/sources.mk' does not exist.

!ENTRY org.eclipse.core.resources 4 2 2013-11-23 16:34:29.582
!MESSAGE Problems occurred when invoking code from plug-in: "org.eclipse.core.resources".
!STACK 1
org.eclipse.core.internal.resources.ResourceException: Resource '/contest/Debug/makefile' does not exist.
	at org.eclipse.core.internal.resources.Resource.checkExists(Resource.java:320)
	at org.eclipse.core.internal.resources.Resource.checkAccessible(Resource.java:194)
	at org.eclipse.core.internal.resources.File.setContents(File.java:357)
	at org.eclipse.core.internal.resources.File.setContents(File.java:464)
	at org.eclipse.cdt.internal.core.model.Util.save(Util.java:154)
	at org.eclipse.cdt.managedbuilder.makegen.gnu.GnuMakefileGenerator.populateTopMakefile(GnuMakefileGenerator.java:1160)
	at org.eclipse.cdt.managedbuilder.makegen.gnu.GnuMakefileGenerator.generateMakefiles(GnuMakefileGenerator.java:734)
	at org.eclipse.cdt.managedbuilder.internal.core.CommonBuilder.performMakefileGeneration(CommonBuilder.java:999)
	at org.eclipse.cdt.managedbuilder.internal.core.CommonBuilder.performPrebuildGeneration(CommonBuilder.java:864)
	at org.eclipse.cdt.managedbuilder.internal.core.CommonBuilder.build(CommonBuilder.java:739)
	at org.eclipse.cdt.managedbuilder.internal.core.CommonBuilder.build(CommonBuilder.java:501)
	at org.eclipse.cdt.managedbuilder.internal.core.CommonBuilder.build(CommonBuilder.java:450)
	at org.eclipse.core.internal.events.BuildManager$2.run(BuildManager.java:728)
	at org.eclipse.core.runtime.SafeRunner.run(SafeRunner.java:42)
	at org.eclipse.core.internal.events.BuildManager.basicBuild(BuildManager.java:199)
	at org.eclipse.core.internal.events.BuildManager.basicBuild(BuildManager.java:239)
	at org.eclipse.core.internal.events.BuildManager$1.run(BuildManager.java:292)
	at org.eclipse.core.runtime.SafeRunner.run(SafeRunner.java:42)
	at org.eclipse.core.internal.events.BuildManager.basicBuild(BuildManager.java:295)
	at org.eclipse.core.internal.events.BuildManager.basicBuildLoop(BuildManager.java:351)
	at org.eclipse.core.internal.events.BuildManager.build(BuildManager.java:374)
	at org.eclipse.core.internal.resources.Workspace.buildInternal(Workspace.java:513)
	at org.eclipse.core.internal.resources.Workspace.build(Workspace.java:422)
	at org.eclipse.ui.actions.GlobalBuildAction$1.run(GlobalBuildAction.java:180)
	at org.eclipse.core.internal.jobs.Worker.run(Worker.java:54)
!SUBENTRY 1 org.eclipse.core.resources 4 368 2013-11-23 16:34:29.583
!MESSAGE Resource '/contest/Debug/makefile' does not exist.
!SUBENTRY 1 org.eclipse.core.resources 4 368 2013-11-23 16:34:29.583
!MESSAGE Resource '/contest/Debug/makefile' does not exist.

!ENTRY org.eclipse.core.resources 4 75 2013-11-23 16:34:30.189
!MESSAGE Errors occurred during the build.
!SUBENTRY 1 org.eclipse.cdt.managedbuilder.core 4 75 2013-11-23 16:34:30.189
!MESSAGE Errors running builder 'CDT Builder' on project 'contest'.
!STACK 1
org.eclipse.core.internal.resources.ResourceException: Resource '/contest/Debug/makefile' does not exist.
	at org.eclipse.core.internal.resources.Resource.checkExists(Resource.java:320)
	at org.eclipse.core.internal.resources.Resource.checkAccessible(Resource.java:194)
	at org.eclipse.core.internal.resources.File.setContents(File.java:357)
	at org.eclipse.core.internal.resources.File.setContents(File.java:464)
	at org.eclipse.cdt.internal.core.model.Util.save(Util.java:154)
	at org.eclipse.cdt.managedbuilder.makegen.gnu.GnuMakefileGenerator.populateTopMakefile(GnuMakefileGenerator.java:1160)
	at org.eclipse.cdt.managedbuilder.makegen.gnu.GnuMakefileGenerator.generateMakefiles(GnuMakefileGenerator.java:734)
	at org.eclipse.cdt.managedbuilder.internal.core.CommonBuilder.performMakefileGeneration(CommonBuilder.java:999)
	at org.eclipse.cdt.managedbuilder.internal.core.CommonBuilder.performPrebuildGeneration(CommonBuilder.java:864)
	at org.eclipse.cdt.managedbuilder.internal.core.CommonBuilder.build(CommonBuilder.java:739)
	at org.eclipse.cdt.managedbuilder.internal.core.CommonBuilder.build(CommonBuilder.java:501)
	at org.eclipse.cdt.managedbuilder.internal.core.CommonBuilder.build(CommonBuilder.java:450)
	at org.eclipse.core.internal.events.BuildManager$2.run(BuildManager.java:728)
	at org.eclipse.core.runtime.SafeRunner.run(SafeRunner.java:42)
	at org.eclipse.core.internal.events.BuildManager.basicBuild(BuildManager.java:199)
	at org.eclipse.core.internal.events.BuildManager.basicBuild(BuildManager.java:239)
	at org.eclipse.core.internal.events.BuildManager$1.run(BuildManager.java:292)
	at org.eclipse.core.runtime.SafeRunner.run(SafeRunner.java:42)
	at org.eclipse.core.internal.events.BuildManager.basicBuild(BuildManager.java:295)
	at org.eclipse.core.internal.events.BuildManager.basicBuildLoop(BuildManager.java:351)
	at org.eclipse.core.internal.events.BuildManager.build(BuildManager.java:374)
	at org.eclipse.core.internal.resources.Workspace.buildInternal(Workspace.java:513)
	at org.eclipse.core.internal.resources.Workspace.build(Workspace.java:422)
	at org.eclipse.ui.actions.GlobalBuildAction$1.run(GlobalBuildAction.java:180)
	at org.eclipse.core.internal.jobs.Worker.run(Worker.java:54)
!SUBENTRY 2 org.eclipse.core.resources 4 368 2013-11-23 16:34:30.190
!MESSAGE Resource '/contest/Debug/makefile' does not exist.
!SUBENTRY 1 org.eclipse.core.resources 4 368 2013-11-23 16:34:30.190
!MESSAGE Resource '/contest/Debug/makefile' does not exist.

!ENTRY org.eclipse.cdt.core 1 0 2013-11-23 16:35:01.124
!MESSAGE Indexed 'c++' (1 sources, 148 headers) in 7.93 sec: 10,244 declarations; 15,479 references; 0 unresolved inclusions; 7 syntax errors; 71 unresolved names (0.28%)
